<?xml version="1.0" encoding="UTF-8"?>
<!-- Generated by org.testng.reporters.JUnitReportReporter -->
<testsuite hostname="Dell-Pc-03" failures="0" tests="2" name="com.OpenCart.TestCases.MyHomePage_TestCases" time="11.271" errors="0" timestamp="2023-09-04T10:51:49 IST" skipped="0">
  <testcase classname="com.OpenCart.TestCases.MyHomePage_TestCases" name="Verify_ContatUS" time="3.010"/>
  <system-out/>
  <testcase classname="com.OpenCart.TestCases.MyHomePage_TestCases" name="Verify_TestCase" time="8.261"/>
  <system-out/>
</testsuite> <!-- com.OpenCart.TestCases.MyHomePage_TestCases -->
