<?xml version="1.0" encoding="UTF-8"?>
<!-- Generated by org.testng.reporters.JUnitReportReporter -->
<testsuite hostname="Dell-Pc-03" failures="0" tests="2" name="com.OpenCart.TestCases.SerachProduct" time="42.110" errors="0" timestamp="2023-09-01T15:01:33 IST" skipped="1">
  <testcase classname="com.OpenCart.TestCases.SerachProduct" name="AddViewCart" time="42.110"/>
  <system-out/>
  <testcase classname="com.OpenCart.TestCases.SerachProduct" name="VeriySearchProduct">
    <skipped/>
  </testcase> <!-- VeriySearchProduct -->
  <system-out/>
</testsuite> <!-- com.OpenCart.TestCases.SerachProduct -->
