<?xml version="1.0" encoding="UTF-8"?>
<!-- Generated by org.testng.reporters.JUnitReportReporter -->
<testsuite hostname="Dell-Pc-03" failures="0" tests="5" name="com.OpenCart.TestCases.MyAccountPage_TestCase" time="99.195" errors="0" timestamp="2023-09-04T11:11:04 IST" skipped="0">
  <testcase classname="com.OpenCart.TestCases.MyAccountPage_TestCase" name="VerifyRegistration" time="25.066"/>
  <system-out/>
  <testcase classname="com.OpenCart.TestCases.MyAccountPage_TestCase" name="verifyLogin" time="21.611"/>
  <system-out/>
  <testcase classname="com.OpenCart.TestCases.MyAccountPage_TestCase" name="verifySinOut" time="35.878"/>
  <system-out/>
  <testcase classname="com.OpenCart.TestCases.MyAccountPage_TestCase" name="VerifyInvalidLogin" time="7.441"/>
  <system-out/>
  <testcase classname="com.OpenCart.TestCases.MyAccountPage_TestCase" name="Verify_User_Existing_Email" time="9.199"/>
  <system-out/>
</testsuite> <!-- com.OpenCart.TestCases.MyAccountPage_TestCase -->
