<?xml version="1.0" encoding="UTF-8"?>
<!-- Generated by org.testng.reporters.JUnitReportReporter -->
<testsuite hostname="Dell-Pc-03" failures="0" tests="1" name="com.OpenCart.TestCases.Test_ContactUs" time="6.830" errors="0" timestamp="2023-08-29T10:46:30 IST" skipped="0">
  <testcase classname="com.OpenCart.TestCases.Test_ContactUs" name="Verify_ContatUS" time="6.830"/>
  <system-out/>
</testsuite> <!-- com.OpenCart.TestCases.Test_ContactUs -->
