<?xml version="1.0" encoding="UTF-8"?>
<!-- Generated by org.testng.reporters.JUnitReportReporter -->
<testsuite hostname="Dell-Pc-03" failures="0" tests="5" name="test.Login" time="52.148" errors="0" timestamp="2023-06-08T16:18:21 IST" skipped="0">
  <testcase classname="test.Login" name="logintest" time="10.937"/>
  <system-out/>
  <testcase classname="test.Login" name="logintest" time="14.848"/>
  <system-out/>
  <testcase classname="test.Login" name="logintest" time="7.717"/>
  <system-out/>
  <testcase classname="test.Login" name="logintest" time="10.498"/>
  <system-out/>
  <testcase classname="test.Login" name="logintest" time="8.148"/>
  <system-out/>
</testsuite> <!-- test.Login -->
