<?xml version="1.0" encoding="UTF-8"?>
<!-- Generated by org.testng.reporters.JUnitReportReporter -->
<testsuite hostname="Dell-Pc-03" failures="0" tests="2" name="com.OpenCart.TestCases.MyHomePage_TestCases" time="8.983" errors="0" timestamp="2023-08-29T14:41:43 IST" skipped="0">
  <testcase classname="com.OpenCart.TestCases.MyHomePage_TestCases" name="Verify_ContatUS" time="8.022"/>
  <system-out/>
  <testcase classname="com.OpenCart.TestCases.MyHomePage_TestCases" name="Verify_TestCase" time="0.961"/>
  <system-out/>
</testsuite> <!-- com.OpenCart.TestCases.MyHomePage_TestCases -->
