<?xml version="1.0" encoding="UTF-8"?>
<!-- Generated by org.testng.reporters.JUnitReportReporter -->
<testsuite hostname="Dell-Pc-03" failures="0" tests="5" name="com.OpenCart.TestCases.MyAccountPage_TestCase" time="106.498" errors="0" timestamp="2023-09-01T14:52:58 IST" skipped="0">
  <testcase classname="com.OpenCart.TestCases.MyAccountPage_TestCase" name="VerifyRegistration" time="29.297"/>
  <system-out/>
  <testcase classname="com.OpenCart.TestCases.MyAccountPage_TestCase" name="verifyLogin" time="23.711"/>
  <system-out/>
  <testcase classname="com.OpenCart.TestCases.MyAccountPage_TestCase" name="verifySinOut" time="39.834"/>
  <system-out/>
  <testcase classname="com.OpenCart.TestCases.MyAccountPage_TestCase" name="VerifyInvalidLogin" time="5.128"/>
  <system-out/>
  <testcase classname="com.OpenCart.TestCases.MyAccountPage_TestCase" name="Verify_User_Existing_Email" time="8.528"/>
  <system-out/>
</testsuite> <!-- com.OpenCart.TestCases.MyAccountPage_TestCase -->
