<?xml version="1.0" encoding="UTF-8"?>
<!-- Generated by org.testng.reporters.JUnitReportReporter -->
<testsuite hostname="Dell-Pc-03" failures="0" tests="5" name="com.OpenCart.TestCases.MyAccountPage_TestCase" time="100.349" errors="0" timestamp="2023-09-01T16:53:21 IST" skipped="0">
  <testcase classname="com.OpenCart.TestCases.MyAccountPage_TestCase" name="VerifyRegistration" time="23.686"/>
  <system-out/>
  <testcase classname="com.OpenCart.TestCases.MyAccountPage_TestCase" name="verifyLogin" time="25.406"/>
  <system-out/>
  <testcase classname="com.OpenCart.TestCases.MyAccountPage_TestCase" name="verifySinOut" time="36.514"/>
  <system-out/>
  <testcase classname="com.OpenCart.TestCases.MyAccountPage_TestCase" name="VerifyInvalidLogin" time="6.773"/>
  <system-out/>
  <testcase classname="com.OpenCart.TestCases.MyAccountPage_TestCase" name="Verify_User_Existing_Email" time="7.970"/>
  <system-out/>
</testsuite> <!-- com.OpenCart.TestCases.MyAccountPage_TestCase -->
