<?xml version="1.0" encoding="UTF-8"?>
<!-- Generated by org.testng.reporters.JUnitReportReporter -->
<testsuite hostname="Dell-Pc-03" failures="0" tests="2" name="com.OpenCart.TestCases.MyHomePage_TestCases" time="12.507" errors="0" timestamp="2023-09-01T16:53:21 IST" skipped="0">
  <testcase classname="com.OpenCart.TestCases.MyHomePage_TestCases" name="Verify_ContatUS" time="7.739"/>
  <system-out/>
  <testcase classname="com.OpenCart.TestCases.MyHomePage_TestCases" name="Verify_TestCase" time="4.768"/>
  <system-out/>
</testsuite> <!-- com.OpenCart.TestCases.MyHomePage_TestCases -->
