<?xml version="1.0" encoding="UTF-8"?>
<!-- Generated by org.testng.reporters.JUnitReportReporter -->
<testsuite hostname="Dell-Pc-03" failures="0" tests="2" name="com.OpenCart.TestCases.MyHomePage_TestCases" time="13.442" errors="0" timestamp="2023-09-04T11:15:14 IST" skipped="0">
  <testcase classname="com.OpenCart.TestCases.MyHomePage_TestCases" name="Verify_ContatUS" time="5.767"/>
  <system-out/>
  <testcase classname="com.OpenCart.TestCases.MyHomePage_TestCases" name="Verify_TestCase" time="7.675"/>
  <system-out/>
</testsuite> <!-- com.OpenCart.TestCases.MyHomePage_TestCases -->
