<?xml version="1.0" encoding="UTF-8"?>
<!-- Generated by org.testng.reporters.JUnitReportReporter -->
<testsuite hostname="Dell-Pc-03" failures="0" tests="5" name="com.OpenCart.TestCases.MyAccountPage_TestCase" time="115.336" errors="0" timestamp="2023-09-04T11:15:14 IST" skipped="0">
  <testcase classname="com.OpenCart.TestCases.MyAccountPage_TestCase" name="VerifyRegistration" time="38.111"/>
  <system-out/>
  <testcase classname="com.OpenCart.TestCases.MyAccountPage_TestCase" name="verifyLogin" time="23.905"/>
  <system-out/>
  <testcase classname="com.OpenCart.TestCases.MyAccountPage_TestCase" name="verifySinOut" time="35.194"/>
  <system-out/>
  <testcase classname="com.OpenCart.TestCases.MyAccountPage_TestCase" name="VerifyInvalidLogin" time="8.241"/>
  <system-out/>
  <testcase classname="com.OpenCart.TestCases.MyAccountPage_TestCase" name="Verify_User_Existing_Email" time="9.885"/>
  <system-out/>
</testsuite> <!-- com.OpenCart.TestCases.MyAccountPage_TestCase -->
